W0412 21:30:56.460000 842497 torch/distributed/run.py:851] 
W0412 21:30:56.460000 842497 torch/distributed/run.py:851] *****************************************
W0412 21:30:56.460000 842497 torch/distributed/run.py:851] Setting OMP_NUM_THREADS environment variable for each process to be 1 in default, to avoid your system being overloaded, please further tune the variable for optimal performance in your application as needed. 
W0412 21:30:56.460000 842497 torch/distributed/run.py:851] *****************************************
=== Direction-5: GDN Hybrid Training ===
Arch: D_GDN_Hybrid (ARCH_MODE=D)
Seed: 1337, Max steps: 9999, Warmdown: 1000
Train seq_len: 2048, Wallclock budget: 590.0s
QK_GAIN_INIT: 5.0
World size: 8, Grad accum: 1
EMA decay: 0.997, SWA: True (every 50)
Late QAT threshold: 0.15
MuonEq-R: enabled
Validation tokens: 62,021,632
Model built in 0.2s
Parameters: {'embedding': 925697, 'recurrent': 13251360, 'attention': 792584, 'mlp': 18880512, 'other': 12800, 'total': 33862953}
Total params: 33,862,953
Matrix params: 33,263,616
Scalar params: 75,049
Embed params: 524,288
Generated coprime shard order: stride across 80 shards

================================================================================
Starting training: max 9999 steps (from step 0)
Wallclock budget: 590.0s
================================================================================

step     1/9999 | loss 6.9316 | lr_mul 0.0500 | mom 0.850 | 0.38 steps/s | 3s
step     2/9999 | loss 6.7037 | lr_mul 0.1000 | mom 0.850 | 0.68 steps/s | 3s
step     3/9999 | loss 6.1494 | lr_mul 0.1500 | mom 0.851 | 0.94 steps/s | 3s
step     4/9999 | loss 5.8672 | lr_mul 0.2000 | mom 0.851 | 1.16 steps/s | 3s
step     5/9999 | loss 5.8456 | lr_mul 0.2500 | mom 0.851 | 1.35 steps/s | 4s
step     6/9999 | loss 5.7912 | lr_mul 0.3000 | mom 0.851 | 1.51 steps/s | 4s
step     7/9999 | loss 5.7134 | lr_mul 0.3500 | mom 0.851 | 1.66 steps/s | 4s
step     8/9999 | loss 5.7339 | lr_mul 0.4000 | mom 0.852 | 1.78 steps/s | 4s
step     9/9999 | loss 5.6268 | lr_mul 0.4500 | mom 0.852 | 1.90 steps/s | 5s
step    10/9999 | loss 5.5281 | lr_mul 0.5000 | mom 0.852 | 2.00 steps/s | 5s
step   100/9999 | loss 3.6791 | lr_mul 1.0000 | mom 0.870 | 3.51 steps/s | 29s
step   200/9999 | loss 2.7052 | lr_mul 1.0000 | mom 0.890 | 3.65 steps/s | 55s
step   300/9999 | loss 2.4796 | lr_mul 1.0000 | mom 0.910 | 3.69 steps/s | 81s
step   400/9999 | loss 2.3839 | lr_mul 1.0000 | mom 0.930 | 3.72 steps/s | 108s
step   500/9999 | loss 2.3145 | lr_mul 1.0000 | mom 0.950 | 3.74 steps/s | 134s
step   600/9999 | loss 2.2768 | lr_mul 1.0000 | mom 0.950 | 3.75 steps/s | 160s
step   700/9999 | loss 2.2446 | lr_mul 1.0000 | mom 0.950 | 3.76 steps/s | 186s
step   800/9999 | loss 2.2263 | lr_mul 1.0000 | mom 0.950 | 3.77 steps/s | 212s
step   900/9999 | loss 2.2322 | lr_mul 1.0000 | mom 0.950 | 3.77 steps/s | 239s
step  1000/9999 | loss 2.1975 | lr_mul 1.0000 | mom 0.950 | 3.78 steps/s | 265s
step  1100/9999 | loss 2.1804 | lr_mul 1.0000 | mom 0.950 | 3.78 steps/s | 291s
step  1200/9999 | loss 2.1805 | lr_mul 1.0000 | mom 0.950 | 3.78 steps/s | 317s
step  1300/9999 | loss 2.1583 | lr_mul 1.0000 | mom 0.950 | 3.79 steps/s | 343s
step  1400/9999 | loss 2.1301 | lr_mul 1.0000 | mom 0.950 | 3.79 steps/s | 370s
step  1500/9999 | loss 2.1270 | lr_mul 1.0000 | mom 0.950 | 3.79 steps/s | 396s
step  1600/9999 | loss 2.1350 | lr_mul 1.0000 | mom 0.950 | 3.79 steps/s | 422s
step  1700/9999 | loss 2.1260 | lr_mul 1.0000 | mom 0.950 | 3.79 steps/s | 448s
step  1800/9999 | loss 2.1136 | lr_mul 1.0000 | mom 0.950 | 3.79 steps/s | 474s
step  1900/9999 | loss 2.1167 | lr_mul 1.0000 | mom 0.950 | 3.80 steps/s | 500s
step  2000/9999 | loss 2.1099 | lr_mul 1.0000 | mom 0.950 | 3.80 steps/s | 527s
step  2100/9999 | loss 2.0972 | lr_mul 1.0000 | mom 0.950 | 3.80 steps/s | 553s
step  2200/9999 | loss 2.1001 | lr_mul 1.0000 | mom 0.950 | 3.80 steps/s | 579s
Wallclock limit reached (590s), will stop after this step
Stopping early at step 2242 (wallclock limit)

Training complete in 590s (2242 steps)
Peak memory: 35748 MiB
Steps/sec: 3.80

=== Applying EMA weights ===
EMA BPB (no XSA): 1.007164
Saved raw EMA model

=== GPTQ: generating autoregressive calibration data ===
GPTQ: generated 64 sequences, collecting hessians...
GPTQ: collected hessians for 29 layers

=== Quantizing to int6 + zstd-22 ===
Artifact: 15,903,365 bytes (15.17 MB)

=== Roundtrip Validation (quantized model) ===
Quantized BPB (no XSA): 1.015700
Quantization degradation: +0.008536
Quantized BPB (XSA-all): 1.020105

================================================================================
FINAL RESULTS — D_GDN_Hybrid seed=1337
  Training: 2242 steps, 590s
  EMA BPB:       1.007164
  Quantized BPB: 1.015700
  XSA BPB:       1.020105
  Artifact:      /root/pg-repo/records/track_10min_16mb/2026-04-12_JM_GDN_Hybrid_Warmdown1000_CompressedCode_Seeds42_1337_2024/checkpoints/final_model_D_GDN_Hybrid_seed1337.int6.ptz
================================================================================
