W0412 21:05:55.874000 839649 torch/distributed/run.py:851] 
W0412 21:05:55.874000 839649 torch/distributed/run.py:851] *****************************************
W0412 21:05:55.874000 839649 torch/distributed/run.py:851] Setting OMP_NUM_THREADS environment variable for each process to be 1 in default, to avoid your system being overloaded, please further tune the variable for optimal performance in your application as needed. 
W0412 21:05:55.874000 839649 torch/distributed/run.py:851] *****************************************
=== Direction-5: GDN Hybrid Training ===
Arch: D_GDN_Hybrid (ARCH_MODE=D)
Seed: 42, Max steps: 9999, Warmdown: 1000
Train seq_len: 2048, Wallclock budget: 590.0s
QK_GAIN_INIT: 5.0
World size: 8, Grad accum: 1
EMA decay: 0.997, SWA: True (every 50)
Late QAT threshold: 0.15
MuonEq-R: enabled
Validation tokens: 62,021,632
Model built in 0.2s
Parameters: {'embedding': 925697, 'recurrent': 13251360, 'attention': 792584, 'mlp': 18880512, 'other': 12800, 'total': 33862953}
Total params: 33,862,953
Matrix params: 33,263,616
Scalar params: 75,049
Embed params: 524,288
Generated coprime shard order: stride across 80 shards

================================================================================
Starting training: max 9999 steps (from step 0)
Wallclock budget: 590.0s
================================================================================

step     1/9999 | loss 6.9368 | lr_mul 0.0500 | mom 0.850 | 0.38 steps/s | 3s
step     2/9999 | loss 6.7108 | lr_mul 0.1000 | mom 0.850 | 0.68 steps/s | 3s
step     3/9999 | loss 6.1586 | lr_mul 0.1500 | mom 0.851 | 0.94 steps/s | 3s
step     4/9999 | loss 5.8825 | lr_mul 0.2000 | mom 0.851 | 1.16 steps/s | 3s
step     5/9999 | loss 5.8143 | lr_mul 0.2500 | mom 0.851 | 1.34 steps/s | 4s
step     6/9999 | loss 5.7683 | lr_mul 0.3000 | mom 0.851 | 1.51 steps/s | 4s
step     7/9999 | loss 5.7302 | lr_mul 0.3500 | mom 0.851 | 1.65 steps/s | 4s
step     8/9999 | loss 5.7048 | lr_mul 0.4000 | mom 0.852 | 1.77 steps/s | 5s
step     9/9999 | loss 5.6385 | lr_mul 0.4500 | mom 0.852 | 1.89 steps/s | 5s
step    10/9999 | loss 5.5578 | lr_mul 0.5000 | mom 0.852 | 1.99 steps/s | 5s
step   100/9999 | loss 3.6592 | lr_mul 1.0000 | mom 0.870 | 3.48 steps/s | 29s
step   200/9999 | loss 2.6998 | lr_mul 1.0000 | mom 0.890 | 3.63 steps/s | 55s
step   300/9999 | loss 2.5020 | lr_mul 1.0000 | mom 0.910 | 3.67 steps/s | 82s
step   400/9999 | loss 2.4033 | lr_mul 1.0000 | mom 0.930 | 3.70 steps/s | 108s
step   500/9999 | loss 2.3428 | lr_mul 1.0000 | mom 0.950 | 3.72 steps/s | 134s
step   600/9999 | loss 2.3076 | lr_mul 1.0000 | mom 0.950 | 3.73 steps/s | 161s
step   700/9999 | loss 2.2690 | lr_mul 1.0000 | mom 0.950 | 3.74 steps/s | 187s
step   800/9999 | loss 2.2464 | lr_mul 1.0000 | mom 0.950 | 3.74 steps/s | 214s
step   900/9999 | loss 2.2002 | lr_mul 1.0000 | mom 0.950 | 3.75 steps/s | 240s
step  1000/9999 | loss 2.1897 | lr_mul 1.0000 | mom 0.950 | 3.75 steps/s | 266s
step  1100/9999 | loss 2.1657 | lr_mul 1.0000 | mom 0.950 | 3.76 steps/s | 293s
step  1200/9999 | loss 2.1626 | lr_mul 1.0000 | mom 0.950 | 3.76 steps/s | 319s
step  1300/9999 | loss 2.1452 | lr_mul 1.0000 | mom 0.950 | 3.76 steps/s | 346s
step  1400/9999 | loss 2.1373 | lr_mul 1.0000 | mom 0.950 | 3.76 steps/s | 372s
step  1500/9999 | loss 2.1262 | lr_mul 1.0000 | mom 0.950 | 3.77 steps/s | 398s
step  1600/9999 | loss 2.1349 | lr_mul 1.0000 | mom 0.950 | 3.77 steps/s | 425s
step  1700/9999 | loss 2.1228 | lr_mul 1.0000 | mom 0.950 | 3.77 steps/s | 451s
step  1800/9999 | loss 2.1123 | lr_mul 1.0000 | mom 0.950 | 3.77 steps/s | 477s
step  1900/9999 | loss 2.1054 | lr_mul 1.0000 | mom 0.950 | 3.77 steps/s | 504s
step  2000/9999 | loss 2.1007 | lr_mul 1.0000 | mom 0.950 | 3.77 steps/s | 530s
step  2100/9999 | loss 2.1106 | lr_mul 1.0000 | mom 0.950 | 3.77 steps/s | 557s
step  2200/9999 | loss 2.1059 | lr_mul 1.0000 | mom 0.950 | 3.77 steps/s | 583s
Wallclock limit reached (590s), will stop after this step
Stopping early at step 2227 (wallclock limit)

Training complete in 590s (2227 steps)
Peak memory: 35748 MiB
Steps/sec: 3.77

=== Applying EMA weights ===
EMA BPB (no XSA): 1.007164
Saved raw EMA model

=== GPTQ: generating autoregressive calibration data ===
GPTQ: generated 64 sequences, collecting hessians...
GPTQ: collected hessians for 29 layers

=== Quantizing to int6 + zstd-22 ===
Artifact: 15,733,879 bytes (15.00 MB)

=== Roundtrip Validation (quantized model) ===
Quantized BPB (no XSA): 1.016200
Quantization degradation: +0.009035
Quantized BPB (XSA-all): 1.021202

================================================================================
FINAL RESULTS — D_GDN_Hybrid seed=42
  Training: 2227 steps, 590s
  EMA BPB:       1.007164
  Quantized BPB: 1.016200
  XSA BPB:       1.021202
  Artifact:      /root/pg-repo/records/track_10min_16mb/2026-04-12_JM_GDN_Hybrid_Warmdown1000_CompressedCode_Seeds42_1337_2024/checkpoints/final_model_D_GDN_Hybrid_seed42.int6.ptz
================================================================================
